<?xml version="1.0" encoding="UTF-8"?>
<!-- Generated by org.testng.reporters.JUnitReportReporter -->
<testsuite hostname="hp-PC" failures="0" tests="8" name="com.sample.test.pizzaorder.PizzaOrderTests" time="9.923" errors="0" timestamp="27 Jan 2020 20:03:38 GMT" skipped="0">
  <testcase classname="com.sample.test.pizzaorder.PizzaOrderTests" name="testSuccessPizzaOrders" time="2.576"/>
  <testcase classname="com.sample.test.pizzaorder.PizzaOrderTests" name="testSuccessPizzaOrders" time="0.942"/>
  <testcase classname="com.sample.test.pizzaorder.PizzaOrderTests" name="testSuccessPizzaOrders" time="0.953"/>
  <testcase classname="com.sample.test.pizzaorder.PizzaOrderTests" name="testSuccessPizzaOrders" time="0.888"/>
  <testcase classname="com.sample.test.pizzaorder.PizzaOrderTests" name="testSuccessPizzaOrders" time="1.295"/>
  <testcase classname="com.sample.test.pizzaorder.PizzaOrderTests" name="testFailedPizzaOrders" time="1.570"/>
  <testcase classname="com.sample.test.pizzaorder.PizzaOrderTests" name="testFailedPizzaOrders" time="0.827"/>
  <testcase classname="com.sample.test.pizzaorder.PizzaOrderTests" name="testFailedPizzaOrders" time="0.872"/>
</testsuite> <!-- com.sample.test.pizzaorder.PizzaOrderTests -->
