<?xml version="1.0" encoding="UTF-8"?>
<!-- Generated by org.testng.reporters.JUnitReportReporter -->
<testsuite hostname="hp-PC" failures="0" tests="1" name="com.sample.test.demo.tests.DemoTest" time="0.009" errors="0" timestamp="25 Jan 2020 01:48:21 GMT" skipped="0">
  <testcase classname="com.sample.test.demo.tests.DemoTest" name="demoTest" time="0.009"/>
</testsuite> <!-- com.sample.test.demo.tests.DemoTest -->
